[01:47:18] [main/INFO] (FabricLoader/GameProvider) Loading Minecraft 1.18.2 with Fabric Loader 0.14.6
[01:47:19] [main/INFO] (FabricLoader) Loading 49 mods:
	- dbe 1.0.0
	- fabric 0.53.0+1.18.2
	- fabric-api-base 0.4.4+d7c144a860
	- fabric-api-lookup-api-v1 1.6.0+2373a54560
	- fabric-biome-api-v1 8.0.4+7b0f312660
	- fabric-blockrenderlayer-v1 1.1.12+3ac43d9560
	- fabric-command-api-v1 1.1.9+d7c144a860
	- fabric-commands-v0 0.2.8+b4f4f6cd60
	- fabric-containers-v0 0.1.21+d7c144a860
	- fabric-content-registries-v0 3.0.4+d82b939260
	- fabric-convention-tags-v1 1.0.1+474e4f7960
	- fabric-crash-report-info-v1 0.2.0+a6b0947860
	- fabric-data-generation-api-v1 2.0.9+e19de87d60
	- fabric-dimensions-v1 2.1.17+2540745460
	- fabric-entity-events-v1 1.4.8+d7c144a860
	- fabric-events-interaction-v0 0.4.19+d7c144a860
	- fabric-events-lifecycle-v0 0.2.15+d7c144a860
	- fabric-game-rule-api-v1 1.0.13+d7c144a860
	- fabric-gametest-api-v1 1.0.17+91b7aa6660
	- fabric-item-api-v1 1.5.0+85719ab760
	- fabric-item-groups-v0 0.3.12+91896a4960
	- fabric-key-binding-api-v1 1.0.12+54e5b2ec60
	- fabric-keybindings-v0 0.2.10+b4f4f6cd60
	- fabric-lifecycle-events-v1 2.0.3+2d83e92c60
	- fabric-loot-tables-v1 1.0.11+d7c144a860
	- fabric-mining-level-api-v1 2.1.1+81ea5b3c60
	- fabric-models-v0 0.3.6+d7c144a860
	- fabric-networking-api-v1 1.0.21+d882b91560
	- fabric-networking-v0 0.3.8+b4f4f6cd60
	- fabric-object-builder-api-v1 2.1.1+032c981d60
	- fabric-particles-v1 0.2.12+526dc1ac60
	- fabric-registry-sync-v0 0.9.8+0d9ab37260
	- fabric-renderer-api-v1 0.4.13+d882b91560
	- fabric-renderer-indigo 0.5.0+7faf0d8860
	- fabric-renderer-registries-v1 3.2.11+b4f4f6cd60
	- fabric-rendering-data-attachment-v1 0.3.7+d7c144a860
	- fabric-rendering-fluids-v1 2.0.2+54e5b2ec60
	- fabric-rendering-v0 1.1.13+b4f4f6cd60
	- fabric-rendering-v1 1.10.7+54e5b2ec60
	- fabric-resource-conditions-api-v1 2.0.3+91b7aa6660
	- fabric-resource-loader-v0 0.5.0+2afceb2960
	- fabric-screen-api-v1 1.0.10+d882b91560
	- fabric-screen-handler-api-v1 1.2.0+1f6558e860
	- fabric-textures-v0 1.0.12+3ac43d9560
	- fabric-transfer-api-v1 1.6.1+f4563ac860
	- fabric-transitive-access-wideners-v1 1.0.0+bd8a4a1860
	- fabricloader 0.14.6
	- java 17
	- minecraft 1.18.2
[01:47:19] [main/INFO] (FabricLoader/Mixin) SpongePowered MIXIN Subsystem Version=0.8.5 Source=file:/home/charlie/.gradle/caches/modules-2/files-2.1/net.fabricmc/sponge-mixin/0.11.4+mixin.0.8.5/c1dc27696aa4006e492c2485c9ccbcb26045a971/sponge-mixin-0.11.4+mixin.0.8.5.jar Service=Knot/Fabric Env=CLIENT
[01:47:19] [main/INFO] (FabricLoader/Mixin) Loaded Fabric development mappings for mixin remapper!
[01:47:19] [main/INFO] (FabricLoader/Mixin) Compatibility level set to JAVA_16
[01:47:19] [main/INFO] (FabricLoader/Mixin) Compatibility level set to JAVA_17
[01:47:21] [main/WARN] (FileUtil) Configuration conflict: there is more than one oshi.properties file on the classpath
[01:47:21] [main/WARN] (FileUtil) Configuration conflict: there is more than one oshi.architecture.properties file on the classpath
[01:47:31] [Render thread/INFO] (Minecraft) Environment: authHost='https://authserver.mojang.com', accountsHost='https://api.mojang.com', sessionHost='https://sessionserver.mojang.com', servicesHost='https://api.minecraftservices.com', name='PROD'
[01:47:32] [Render thread/ERROR] (Minecraft) Failed to verify authentication
com.mojang.authlib.exceptions.InvalidCredentialsException: Status: 401
	at com.mojang.authlib.exceptions.MinecraftClientHttpException.toAuthenticationException(MinecraftClientHttpException.java:56) ~[authlib-3.3.39.jar:?]
	at com.mojang.authlib.yggdrasil.YggdrasilUserApiService.fetchProperties(YggdrasilUserApiService.java:132) ~[authlib-3.3.39.jar:?]
	at com.mojang.authlib.yggdrasil.YggdrasilUserApiService.<init>(YggdrasilUserApiService.java:44) ~[authlib-3.3.39.jar:?]
	at com.mojang.authlib.yggdrasil.YggdrasilAuthenticationService.createUserApiService(YggdrasilAuthenticationService.java:153) ~[authlib-3.3.39.jar:?]
	at net.minecraft.client.MinecraftClient.createUserApiService(MinecraftClient.java:673) [minecraft-project-@-merged-named.jar:?]
	at net.minecraft.client.MinecraftClient.<init>(MinecraftClient.java:495) [minecraft-project-@-merged-named.jar:?]
	at net.minecraft.client.main.Main.main(Main.java:178) [minecraft-project-@-merged-named.jar:?]
	at net.fabricmc.loader.impl.game.minecraft.MinecraftGameProvider.launch(MinecraftGameProvider.java:460) [fabric-loader-0.14.6.jar:?]
	at net.fabricmc.loader.impl.launch.knot.Knot.launch(Knot.java:74) [fabric-loader-0.14.6.jar:?]
	at net.fabricmc.loader.impl.launch.knot.KnotClient.main(KnotClient.java:23) [fabric-loader-0.14.6.jar:?]
	at net.fabricmc.devlaunchinjector.Main.main(Main.java:86) [dev-launch-injector-0.2.1+build.8.jar:?]
Caused by: com.mojang.authlib.exceptions.MinecraftClientHttpException: Status: 401
	at com.mojang.authlib.minecraft.client.MinecraftClient.readInputStream(MinecraftClient.java:80) ~[authlib-3.3.39.jar:?]
	at com.mojang.authlib.minecraft.client.MinecraftClient.get(MinecraftClient.java:48) ~[authlib-3.3.39.jar:?]
	at com.mojang.authlib.yggdrasil.YggdrasilUserApiService.fetchProperties(YggdrasilUserApiService.java:113) ~[authlib-3.3.39.jar:?]
	... 9 more
[01:47:32] [Render thread/INFO] (Minecraft) Setting user: Player822
[01:47:32] [Render thread/INFO] (dbe) Registering items for dbe
[01:47:32] [Render thread/INFO] (dbe) Registering Blocks for dbe
[01:47:32] [Render thread/INFO] (dbe) Registering Wool Blocks for dbe
[01:47:34] [Render thread/INFO] (Indigo) [Indigo] Registering Indigo renderer!
[01:47:34] [Render thread/INFO] (Minecraft) Backend library: LWJGL version 3.2.2 build 10
[01:47:39] [Render thread/WARN] (Minecraft) ERROR : Couldn't load Narrator library
java.lang.UnsatisfiedLinkError: Unable to load library 'fliteWrapper':
libflite.so.1: cannot open shared object file: No such file or directory
libflite.so.1: cannot open shared object file: No such file or directory
Native library (linux-x86-64/libfliteWrapper.so) not found in resource path (/home/charlie/Projects/Minecraft-Mods/DBE_Fabric/build/classes/java/main:/home/charlie/Projects/Minecraft-Mods/DBE_Fabric/build/resources/main:/home/charlie/.gradle/caches/fabric-loom/1.18.2/net.fabricmc.yarn.1_18_2.1.18.2+build.3-v2/mappings.jar:/home/charlie/.gradle/caches/modules-2/files-2.1/net.fabricmc/tiny-mappings-parser/0.3.0+build.17/2f10540a290e382a7cd35c16ec3900046a4e252/tiny-mappings-parser-0.3.0+build.17.jar:/home/charlie/.gradle/caches/modules-2/files-2.1/net.fabricmc/sponge-mixin/0.11.4+mixin.0.8.5/c1dc27696aa4006e492c2485c9ccbcb26045a971/sponge-mixin-0.11.4+mixin.0.8.5.jar:/home/charlie/.gradle/caches/modules-2/files-2.1/net.fabricmc/tiny-remapper/0.8.2/2cc6565989469ec38893bfb7802b31c0d0d11ea0/tiny-remapper-0.8.2.jar:/home/charlie/.gradle/caches/modules-2/files-2.1/net.fabricmc/access-widener/2.1.0/f62a27adbfd8ab4d4fa5681793039f2c0b177155/access-widener-2.1.0.jar:/home/charlie/.gradle/caches/modules-2/files-2.1/org.ow2.asm/asm/9.3/8e6300ef51c1d801a7ed62d07cd221aca3a90640/asm-9.3.jar:/home/charlie/.gradle/caches/modules-2/files-2.1/org.ow2.asm/asm-analysis/9.3/4b071f211b37c38e0e9f5998550197c8593f6ad8/asm-analysis-9.3.jar:/home/charlie/.gradle/caches/modules-2/files-2.1/org.ow2.asm/asm-commons/9.3/1f2a432d1212f5c352ae607d7b61dcae20c20af5/asm-commons-9.3.jar:/home/charlie/.gradle/caches/modules-2/files-2.1/org.ow2.asm/asm-tree/9.3/78d2ecd61318b5a58cd04fb237636c0e86b77d97/asm-tree-9.3.jar:/home/charlie/.gradle/caches/modules-2/files-2.1/org.ow2.asm/asm-util/9.3/9595bc05510d0bd4b610188b77333fe4851a1975/asm-util-9.3.jar:/home/charlie/.gradle/caches/modules-2/files-2.1/net.fabricmc/dev-launch-injector/0.2.1+build.8/da8bef7e6e2f952da707f282bdb46882a0fce5e3/dev-launch-injector-0.2.1+build.8.jar:/home/charlie/.gradle/caches/modules-2/files-2.1/net.minecrell/terminalconsoleappender/1.2.0/96d02cd3b384ff015a8fef4223bcb4ccf1717c95/terminalconsoleappender-1.2.0.jar:/home/charlie/.gradle/caches/modules-2/files-2.1/com.mojang/patchy/2.2.10/da05971b07cbb379d002cf7eaec6a2048211fefc/patchy-2.2.10.jar:/home/charlie/.gradle/caches/modules-2/files-2.1/com.mojang/blocklist/1.0.10/5c685c5ffa94c4cd39496c7184c1d122e515ecef/blocklist-1.0.10.jar:/home/charlie/.gradle/caches/modules-2/files-2.1/com.ibm.icu/icu4j/70.1/dfa3a1fbc55bf5db8c6e79fc0935ac7ab1202950/icu4j-70.1.jar:/home/charlie/.gradle/caches/modules-2/files-2.1/org.apache.httpcomponents/httpclient/4.5.13/e5f6cae5ca7ecaac1ec2827a9e2d65ae2869cada/httpclient-4.5.13.jar:/home/charlie/.gradle/caches/modules-2/files-2.1/commons-codec/commons-codec/1.15/49d94806b6e3dc933dacbd8acb0fdbab8ebd1e5d/commons-codec-1.15.jar:/home/charlie/.gradle/caches/modules-2/files-2.1/org.apache.commons/commons-compress/1.21/4ec95b60d4e86b5c95a0e919cb172a0af98011ef/commons-compress-1.21.jar:/home/charlie/.gradle/caches/modules-2/files-2.1/commons-logging/commons-logging/1.2/4bfc12adfe4842bf07b657f0369c4cb522955686/commons-logging-1.2.jar:/home/charlie/.gradle/caches/modules-2/files-2.1/org.apache.httpcomponents/httpcore/4.4.14/9dd1a631c082d92ecd4bd8fd4cf55026c720a8c1/httpcore-4.4.14.jar:/home/charlie/.gradle/caches/modules-2/files-2.1/org.lwjgl/lwjgl-jemalloc/3.2.2/ee8e57a79300f78294576d87c4a587f8c99402e2/lwjgl-jemalloc-3.2.2.jar:/home/charlie/.gradle/caches/modules-2/files-2.1/org.lwjgl/lwjgl-openal/3.2.2/2b772a102b0a11ee5f2109a5b136f4dc7c630827/lwjgl-openal-3.2.2.jar:/home/charlie/.gradle/caches/modules-2/files-2.1/org.lwjgl/lwjgl-opengl/3.2.2/6ac5bb88b44c43ea195a570aab059f63da004cd8/lwjgl-opengl-3.2.2.jar:/home/charlie/.gradle/caches/modules-2/files-2.1/org.lwjgl/lwjgl-glfw/3.2.2/d3ad4df38e400b8afba1de63f84338809399df5b/lwjgl-glfw-3.2.2.jar:/home/charlie/.gradle/caches/modules-2/files-2.1/org.lwjgl/lwjgl-stb/3.2.2/3b8e6ebc5851dd3d17e37e5cadce2eff2a429f0f/lwjgl-stb-3.2.2.jar:/home/charlie/.gradle/caches/modules-2/files-2.1/org.lwjgl/lwjgl-tinyfd/3.2.2/fcbe606c8f8da6f8f9a05e2c540eb1ee8632b0e9/lwjgl-tinyfd-3.2.2.jar:/home/charlie/.gradle/caches/modules-2/files-2.1/org.lwjgl/lwjgl/3.2.2/8ad6294407e15780b43e84929c40e4c5e997972e/lwjgl-3.2.2.jar:/home/charlie/.gradle/caches/modules-2/files-2.1/com.mojang/text2speech/1.12.4/1f618f522dbdd93218c270bcfd8f8dd84be31717/text2speech-1.12.4.jar:/home/charlie/Projects/Minecraft-Mods/DBE_Fabric/.gradle/loom-cache/1.18.2/net.fabricmc.yarn.1_18_2.1.18.2+build.3-v2/minecraft-project-@-merged-named.jar:/home/charlie/.gradle/caches/modules-2/files-2.1/com.mojang/logging/1.0.0/f6ca3b2eee0b80b384e8ed93d368faecb82dfb9b/logging-1.0.0.jar:/home/charlie/.gradle/caches/modules-2/files-2.1/com.github.oshi/oshi-core/5.8.5/1d0ec654d820741327f5a9229d513732a4b7ce50/oshi-core-5.8.5.jar:/home/charlie/.gradle/caches/modules-2/files-2.1/net.java.dev.jna/jna-platform/5.10.0/fbed7d9669dba47714ad0d4f4454290a997aee69/jna-platform-5.10.0.jar:/home/charlie/.gradle/caches/modules-2/files-2.1/ca.weblite/java-objc-bridge/1.0.0/6ef160c3133a78de015830860197602ca1c855d3/java-objc-bridge-1.0.0.jar:/home/charlie/.gradle/caches/modules-2/files-2.1/net.java.dev.jna/jna/5.10.0/7cf4c87dd802db50721db66947aa237d7ad09418/jna-5.10.0.jar:/home/charlie/.gradle/caches/modules-2/files-2.1/org.apache.logging.log4j/log4j-slf4j18-impl/2.17.0/bd7f6c0b9224dd214afb4e684957e2349b529a8d/log4j-slf4j18-impl-2.17.0.jar:/home/charlie/.gradle/caches/modules-2/files-2.1/com.mojang/datafixerupper/4.1.27/a02c43824ce57c3f7a7d7e744f0d99a040398b5/datafixerupper-4.1.27.jar:/home/charlie/.gradle/caches/modules-2/files-2.1/com.mojang/authlib/3.3.39/289405e70c0917eaeac017f7fba9adb4427baa36/authlib-3.3.39.jar:/home/charlie/.gradle/caches/modules-2/files-2.1/org.slf4j/slf4j-api/1.8.0-beta4/83b0359d847ee053d745be7ec0d8e9e8a44304b4/slf4j-api-1.8.0-beta4.jar:/home/charlie/.gradle/caches/modules-2/files-2.1/com.mojang/javabridge/1.2.24/c876796229b2ef5120f186eab5acc870699d3b9/javabridge-1.2.24.jar:/home/charlie/.gradle/caches/modules-2/files-2.1/net.sf.jopt-simple/jopt-simple/5.0.4/4fdac2fbe92dfad86aa6e9301736f6b4342a3f5c/jopt-simple-5.0.4.jar:/home/charlie/.gradle/caches/modules-2/files-2.1/io.netty/netty-all/4.1.68.Final/b8266a3c93c1c051109f71d3449e5dcd5d60b333/netty-all-4.1.68.Final.jar:/home/charlie/.gradle/caches/modules-2/files-2.1/com.google.guava/guava/31.0.1-jre/119ea2b2bc205b138974d351777b20f02b92704b/guava-31.0.1-jre.jar:/home/charlie/.gradle/caches/modules-2/files-2.1/com.google.guava/failureaccess/1.0.1/1dcf1de382a0bf95a3d8b0849546c88bac1292c9/failureaccess-1.0.1.jar:/home/charlie/.gradle/caches/modules-2/files-2.1/org.apache.commons/commons-lang3/3.12.0/c6842c86792ff03b9f1d1fe2aab8dc23aa6c6f0e/commons-lang3-3.12.0.jar:/home/charlie/.gradle/caches/modules-2/files-2.1/commons-io/commons-io/2.11.0/a2503f302b11ebde7ebc3df41daebe0e4eea3689/commons-io-2.11.0.jar:/home/charlie/.gradle/caches/modules-2/files-2.1/com.mojang/brigadier/1.0.18/c1ef1234282716483c92183f49bef47b1a89bfa9/brigadier-1.0.18.jar:/home/charlie/.gradle/caches/modules-2/files-2.1/com.google.code.gson/gson/2.8.9/8a432c1d6825781e21a02db2e2c33c5fde2833b9/gson-2.8.9.jar:/home/charlie/.gradle/caches/modules-2/files-2.1/it.unimi.dsi/fastutil/8.5.6/76f95700418a68fbc4ac050525261f05dc681ca1/fastutil-8.5.6.jar:/home/charlie/.gradle/caches/modules-2/files-2.1/org.apache.logging.log4j/log4j-core/2.17.0/fe6e7a32c1228884b9691a744f953a55d0dd8ead/log4j-core-2.17.0.jar:/home/charlie/.gradle/caches/modules-2/files-2.1/org.apache.logging.log4j/log4j-api/2.17.0/bbd791e9c8c9421e45337c4fe0a10851c086e36c/log4j-api-2.17.0.jar:/home/charlie/Projects/Minecraft-Mods/DBE_Fabric/.gradle/loom-cache/remapped_mods/net_fabricmc_yarn_1_18_2_1_18_2_build_3_v2/net/fabricmc/fabric-loader/0.14.6/fabric-loader-0.14.6.jar:/home/charlie/Projects/Minecraft-Mods/DBE_Fabric/.gradle/loom-cache/remapped_mods/net_fabricmc_yarn_1_18_2_1_18_2_build_3_v2/net/fabricmc/fabric-api/fabric-api/0.53.0+1.18.2/fabric-api-0.53.0+1.18.2.jar:/home/charlie/Projects/Minecraft-Mods/DBE_Fabric/.gradle/loom-cache/remapped_mods/net_fabricmc_yarn_1_18_2_1_18_2_build_3_v2/net/fabricmc/fabric-api/fabric-transfer-api-v1/1.6.1+f4563ac860/fabric-transfer-api-v1-1.6.1+f4563ac860.jar:/home/charlie/Projects/Minecraft-Mods/DBE_Fabric/.gradle/loom-cache/remapped_mods/net_fabricmc_yarn_1_18_2_1_18_2_build_3_v2/net/fabricmc/fabric-api/fabric-api-lookup-api-v1/1.6.0+2373a54560/fabric-api-lookup-api-v1-1.6.0+2373a54560.jar:/home/charlie/Projects/Minecraft-Mods/DBE_Fabric/.gradle/loom-cache/remapped_mods/net_fabricmc_yarn_1_18_2_1_18_2_build_3_v2/net/fabricmc/fabric-api/fabric-blockrenderlayer-v1/1.1.12+3ac43d9560/fabric-blockrenderlayer-v1-1.1.12+3ac43d9560.jar:/home/charlie/Projects/Minecraft-Mods/DBE_Fabric/.gradle/loom-cache/remapped_mods/net_fabricmc_yarn_1_18_2_1_18_2_build_3_v2/net/fabricmc/fabric-api/fabric-commands-v0/0.2.8+b4f4f6cd60/fabric-commands-v0-0.2.8+b4f4f6cd60.jar:/home/charlie/Projects/Minecraft-Mods/DBE_Fabric/.gradle/loom-cache/remapped_mods/net_fabricmc_yarn_1_18_2_1_18_2_build_3_v2/net/fabricmc/fabric-api/fabric-command-api-v1/1.1.9+d7c144a860/fabric-command-api-v1-1.1.9+d7c144a860.jar:/home/charlie/Projects/Minecraft-Mods/DBE_Fabric/.gradle/loom-cache/remapped_mods/net_fabricmc_yarn_1_18_2_1_18_2_build_3_v2/net/fabricmc/fabric-api/fabric-containers-v0/0.1.21+d7c144a860/fabric-containers-v0-0.1.21+d7c144a860.jar:/home/charlie/Projects/Minecraft-Mods/DBE_Fabric/.gradle/loom-cache/remapped_mods/net_fabricmc_yarn_1_18_2_1_18_2_build_3_v2/net/fabricmc/fabric-api/fabric-content-registries-v0/3.0.4+d82b939260/fabric-content-registries-v0-3.0.4+d82b939260.jar:/home/charlie/Projects/Minecraft-Mods/DBE_Fabric/.gradle/loom-cache/remapped_mods/net_fabricmc_yarn_1_18_2_1_18_2_build_3_v2/net/fabricmc/fabric-api/fabric-convention-tags-v1/1.0.1+474e4f7960/fabric-convention-tags-v1-1.0.1+474e4f7960.jar:/home/charlie/Projects/Minecraft-Mods/DBE_Fabric/.gradle/loom-cache/remapped_mods/net_fabricmc_yarn_1_18_2_1_18_2_build_3_v2/net/fabricmc/fabric-api/fabric-data-generation-api-v1/2.0.9+e19de87d60/fabric-data-generation-api-v1-2.0.9+e19de87d60.jar:/home/charlie/Projects/Minecraft-Mods/DBE_Fabric/.gradle/loom-cache/remapped_mods/net_fabricmc_yarn_1_18_2_1_18_2_build_3_v2/net/fabricmc/fabric-api/fabric-dimensions-v1/2.1.17+2540745460/fabric-dimensions-v1-2.1.17+2540745460.jar:/home/charlie/Projects/Minecraft-Mods/DBE_Fabric/.gradle/loom-cache/remapped_mods/net_fabricmc_yarn_1_18_2_1_18_2_build_3_v2/net/fabricmc/fabric-api/fabric-entity-events-v1/1.4.8+d7c144a860/fabric-entity-events-v1-1.4.8+d7c144a860.jar:/home/charlie/Projects/Minecraft-Mods/DBE_Fabric/.gradle/loom-cache/remapped_mods/net_fabricmc_yarn_1_18_2_1_18_2_build_3_v2/net/fabricmc/fabric-api/fabric-events-interaction-v0/0.4.19+d7c144a860/fabric-events-interaction-v0-0.4.19+d7c144a860.jar:/home/charlie/Projects/Minecraft-Mods/DBE_Fabric/.gradle/loom-cache/remapped_mods/net_fabricmc_yarn_1_18_2_1_18_2_build_3_v2/net/fabricmc/fabric-api/fabric-events-lifecycle-v0/0.2.15+d7c144a860/fabric-events-lifecycle-v0-0.2.15+d7c144a860.jar:/home/charlie/Projects/Minecraft-Mods/DBE_Fabric/.gradle/loom-cache/remapped_mods/net_fabricmc_yarn_1_18_2_1_18_2_build_3_v2/net/fabricmc/fabric-api/fabric-gametest-api-v1/1.0.17+91b7aa6660/fabric-gametest-api-v1-1.0.17+91b7aa6660.jar:/home/charlie/Projects/Minecraft-Mods/DBE_Fabric/.gradle/loom-cache/remapped_mods/net_fabricmc_yarn_1_18_2_1_18_2_build_3_v2/net/fabricmc/fabric-api/fabric-item-api-v1/1.5.0+85719ab760/fabric-item-api-v1-1.5.0+85719ab760.jar:/home/charlie/Projects/Minecraft-Mods/DBE_Fabric/.gradle/loom-cache/remapped_mods/net_fabricmc_yarn_1_18_2_1_18_2_build_3_v2/net/fabricmc/fabric-api/fabric-item-groups-v0/0.3.12+91896a4960/fabric-item-groups-v0-0.3.12+91896a4960.jar:/home/charlie/Projects/Minecraft-Mods/DBE_Fabric/.gradle/loom-cache/remapped_mods/net_fabricmc_yarn_1_18_2_1_18_2_build_3_v2/net/fabricmc/fabric-api/fabric-lifecycle-events-v1/2.0.3+2d83e92c60/fabric-lifecycle-events-v1-2.0.3+2d83e92c60.jar:/home/charlie/Projects/Minecraft-Mods/DBE_Fabric/.gradle/loom-cache/remapped_mods/net_fabricmc_yarn_1_18_2_1_18_2_build_3_v2/net/fabricmc/fabric-api/fabric-loot-tables-v1/1.0.11+d7c144a860/fabric-loot-tables-v1-1.0.11+d7c144a860.jar:/home/charlie/Projects/Minecraft-Mods/DBE_Fabric/.gradle/loom-cache/remapped_mods/net_fabricmc_yarn_1_18_2_1_18_2_build_3_v2/net/fabricmc/fabric-api/fabric-mining-level-api-v1/2.1.1+81ea5b3c60/fabric-mining-level-api-v1-2.1.1+81ea5b3c60.jar:/home/charlie/Projects/Minecraft-Mods/DBE_Fabric/.gradle/loom-cache/remapped_mods/net_fabricmc_yarn_1_18_2_1_18_2_build_3_v2/net/fabricmc/fabric-api/fabric-models-v0/0.3.6+d7c144a860/fabric-models-v0-0.3.6+d7c144a860.jar:/home/charlie/Projects/Minecraft-Mods/DBE_Fabric/.gradle/loom-cache/remapped_mods/net_fabricmc_yarn_1_18_2_1_18_2_build_3_v2/net/fabricmc/fabric-api/fabric-networking-v0/0.3.8+b4f4f6cd60/fabric-networking-v0-0.3.8+b4f4f6cd60.jar:/home/charlie/Projects/Minecraft-Mods/DBE_Fabric/.gradle/loom-cache/remapped_mods/net_fabricmc_yarn_1_18_2_1_18_2_build_3_v2/net/fabricmc/fabric-api/fabric-registry-sync-v0/0.9.8+0d9ab37260/fabric-registry-sync-v0-0.9.8+0d9ab37260.jar:/home/charlie/Projects/Minecraft-Mods/DBE_Fabric/.gradle/loom-cache/remapped_mods/net_fabricmc_yarn_1_18_2_1_18_2_build_3_v2/net/fabricmc/fabric-api/fabric-screen-handler-api-v1/1.2.0+1f6558e860/fabric-screen-handler-api-v1-1.2.0+1f6558e860.jar:/home/charlie/Projects/Minecraft-Mods/DBE_Fabric/.gradle/loom-cache/remapped_mods/net_fabricmc_yarn_1_18_2_1_18_2_build_3_v2/net/fabricmc/fabric-api/fabric-networking-api-v1/1.0.21+d882b91560/fabric-networking-api-v1-1.0.21+d882b91560.jar:/home/charlie/Projects/Minecraft-Mods/DBE_Fabric/.gradle/loom-cache/remapped_mods/net_fabricmc_yarn_1_18_2_1_18_2_build_3_v2/net/fabricmc/fabric-api/fabric-object-builder-api-v1/2.1.1+032c981d60/fabric-object-builder-api-v1-2.1.1+032c981d60.jar:/home/charlie/Projects/Minecraft-Mods/DBE_Fabric/.gradle/loom-cache/remapped_mods/net_fabricmc_yarn_1_18_2_1_18_2_build_3_v2/net/fabricmc/fabric-api/fabric-particles-v1/0.2.12+526dc1ac60/fabric-particles-v1-0.2.12+526dc1ac60.jar:/home/charlie/Projects/Minecraft-Mods/DBE_Fabric/.gradle/loom-cache/remapped_mods/net_fabricmc_yarn_1_18_2_1_18_2_build_3_v2/net/fabricmc/fabric-api/fabric-renderer-indigo/0.5.0+7faf0d8860/fabric-renderer-indigo-0.5.0+7faf0d8860.jar:/home/charlie/Projects/Minecraft-Mods/DBE_Fabric/.gradle/loom-cache/remapped_mods/net_fabricmc_yarn_1_18_2_1_18_2_build_3_v2/net/fabricmc/fabric-api/fabric-renderer-api-v1/0.4.13+d882b91560/fabric-renderer-api-v1-0.4.13+d882b91560.jar:/home/charlie/Projects/Minecraft-Mods/DBE_Fabric/.gradle/loom-cache/remapped_mods/net_fabricmc_yarn_1_18_2_1_18_2_build_3_v2/net/fabricmc/fabric-api/fabric-renderer-registries-v1/3.2.11+b4f4f6cd60/fabric-renderer-registries-v1-3.2.11+b4f4f6cd60.jar:/home/charlie/Projects/Minecraft-Mods/DBE_Fabric/.gradle/loom-cache/remapped_mods/net_fabricmc_yarn_1_18_2_1_18_2_build_3_v2/net/fabricmc/fabric-api/fabric-rendering-data-attachment-v1/0.3.7+d7c144a860/fabric-rendering-data-attachment-v1-0.3.7+d7c144a860.jar:/home/charlie/Projects/Minecraft-Mods/DBE_Fabric/.gradle/loom-cache/remapped_mods/net_fabricmc_yarn_1_18_2_1_18_2_build_3_v2/net/fabricmc/fabric-api/fabric-rendering-fluids-v1/2.0.2+54e5b2ec60/fabric-rendering-fluids-v1-2.0.2+54e5b2ec60.jar:/home/charlie/Projects/Minecraft-Mods/DBE_Fabric/.gradle/loom-cache/remapped_mods/net_fabricmc_yarn_1_18_2_1_18_2_build_3_v2/net/fabricmc/fabric-api/fabric-rendering-v0/1.1.13+b4f4f6cd60/fabric-rendering-v0-1.1.13+b4f4f6cd60.jar:/home/charlie/Projects/Minecraft-Mods/DBE_Fabric/.gradle/loom-cache/remapped_mods/net_fabricmc_yarn_1_18_2_1_18_2_build_3_v2/net/fabricmc/fabric-api/fabric-rendering-v1/1.10.7+54e5b2ec60/fabric-rendering-v1-1.10.7+54e5b2ec60.jar:/home/charlie/Projects/Minecraft-Mods/DBE_Fabric/.gradle/loom-cache/remapped_mods/net_fabricmc_yarn_1_18_2_1_18_2_build_3_v2/net/fabricmc/fabric-api/fabric-screen-api-v1/1.0.10+d882b91560/fabric-screen-api-v1-1.0.10+d882b91560.jar:/home/charlie/Projects/Minecraft-Mods/DBE_Fabric/.gradle/loom-cache/remapped_mods/net_fabricmc_yarn_1_18_2_1_18_2_build_3_v2/net/fabricmc/fabric-api/fabric-textures-v0/1.0.12+3ac43d9560/fabric-textures-v0-1.0.12+3ac43d9560.jar:/home/charlie/Projects/Minecraft-Mods/DBE_Fabric/.gradle/loom-cache/remapped_mods/net_fabricmc_yarn_1_18_2_1_18_2_build_3_v2/net/fabricmc/fabric-api/fabric-api-base/0.4.4+d7c144a860/fabric-api-base-0.4.4+d7c144a860.jar:/home/charlie/Projects/Minecraft-Mods/DBE_Fabric/.gradle/loom-cache/remapped_mods/net_fabricmc_yarn_1_18_2_1_18_2_build_3_v2/net/fabricmc/fabric-api/fabric-biome-api-v1/8.0.4+7b0f312660/fabric-biome-api-v1-8.0.4+7b0f312660.jar:/home/charlie/Projects/Minecraft-Mods/DBE_Fabric/.gradle/loom-cache/remapped_mods/net_fabricmc_yarn_1_18_2_1_18_2_build_3_v2/net/fabricmc/fabric-api/fabric-crash-report-info-v1/0.2.0+a6b0947860/fabric-crash-report-info-v1-0.2.0+a6b0947860.jar:/home/charlie/Projects/Minecraft-Mods/DBE_Fabric/.gradle/loom-cache/remapped_mods/net_fabricmc_yarn_1_18_2_1_18_2_build_3_v2/net/fabricmc/fabric-api/fabric-game-rule-api-v1/1.0.13+d7c144a860/fabric-game-rule-api-v1-1.0.13+d7c144a860.jar:/home/charlie/Projects/Minecraft-Mods/DBE_Fabric/.gradle/loom-cache/remapped_mods/net_fabricmc_yarn_1_18_2_1_18_2_build_3_v2/net/fabricmc/fabric-api/fabric-keybindings-v0/0.2.10+b4f4f6cd60/fabric-keybindings-v0-0.2.10+b4f4f6cd60.jar:/home/charlie/Projects/Minecraft-Mods/DBE_Fabric/.gradle/loom-cache/remapped_mods/net_fabricmc_yarn_1_18_2_1_18_2_build_3_v2/net/fabricmc/fabric-api/fabric-key-binding-api-v1/1.0.12+54e5b2ec60/fabric-key-binding-api-v1-1.0.12+54e5b2ec60.jar:/home/charlie/Projects/Minecraft-Mods/DBE_Fabric/.gradle/loom-cache/remapped_mods/net_fabricmc_yarn_1_18_2_1_18_2_build_3_v2/net/fabricmc/fabric-api/fabric-resource-conditions-api-v1/2.0.3+91b7aa6660/fabric-resource-conditions-api-v1-2.0.3+91b7aa6660.jar:/home/charlie/Projects/Minecraft-Mods/DBE_Fabric/.gradle/loom-cache/remapped_mods/net_fabricmc_yarn_1_18_2_1_18_2_build_3_v2/net/fabricmc/fabric-api/fabric-resource-loader-v0/0.5.0+2afceb2960/fabric-resource-loader-v0-0.5.0+2afceb2960.jar:/home/charlie/Projects/Minecraft-Mods/DBE_Fabric/.gradle/loom-cache/remapped_mods/net_fabricmc_yarn_1_18_2_1_18_2_build_3_v2/net/fabricmc/fabric-api/fabric-transitive-access-wideners-v1/1.0.0+bd8a4a1860/fabric-transitive-access-wideners-v1-1.0.0+bd8a4a1860.jar:/home/charlie/.gradle/caches/modules-2/files-2.1/org.jline/jline-reader/3.12.1/4382ab1382c7b6f379377ed5f665dc2f6e1218bc/jline-reader-3.12.1.jar:/home/charlie/.gradle/caches/modules-2/files-2.1/com.google.guava/listenablefuture/9999.0-empty-to-avoid-conflict-with-guava/b421526c5f297295adef1c886e5246c39d4ac629/listenablefuture-9999.0-empty-to-avoid-conflict-with-guava.jar:/home/charlie/.gradle/caches/modules-2/files-2.1/com.google.code.findbugs/jsr305/3.0.2/25ea2e8b0c338a877313bd4672d3fe056ea78f0d/jsr305-3.0.2.jar:/home/charlie/.gradle/caches/modules-2/files-2.1/org.checkerframework/checker-qual/3.12.0/d5692f0526415fcc6de94bb5bfbd3afd9dd3b3e5/checker-qual-3.12.0.jar:/home/charlie/.gradle/caches/modules-2/files-2.1/com.google.errorprone/error_prone_annotations/2.7.1/458d9042f7aa6fa9a634df902b37f544e15aacac/error_prone_annotations-2.7.1.jar:/home/charlie/.gradle/caches/modules-2/files-2.1/com.google.j2objc/j2objc-annotations/1.3/ba035118bc8bac37d7eff77700720999acd9986d/j2objc-annotations-1.3.jar:/home/charlie/.gradle/caches/modules-2/files-2.1/org.jline/jline-terminal/3.12.1/c777448314e050d980a6b697c140f3bfe9eb7416/jline-terminal-3.12.1.jar)
	at com.sun.jna.NativeLibrary.loadLibrary(NativeLibrary.java:301) ~[jna-5.10.0.jar:?]
	at com.sun.jna.NativeLibrary.getInstance(NativeLibrary.java:461) ~[jna-5.10.0.jar:?]
	at com.sun.jna.NativeLibrary.getInstance(NativeLibrary.java:403) ~[jna-5.10.0.jar:?]
	at com.mojang.text2speech.NarratorLinux.<clinit>(NarratorLinux.java:18) [text2speech-1.12.4.jar:?]
	at com.mojang.text2speech.Narrator.getNarrator(Narrator.java:21) [text2speech-1.12.4.jar:?]
	at net.minecraft.client.util.NarratorManager.<init>(NarratorManager.java:33) [minecraft-project-@-merged-named.jar:?]
	at net.minecraft.client.util.NarratorManager.<clinit>(NarratorManager.java:33) [minecraft-project-@-merged-named.jar:?]
	at net.minecraft.client.gui.hud.InGameHud.<init>(InGameHud.java:165) [minecraft-project-@-merged-named.jar:?]
	at net.minecraft.client.MinecraftClient.<init>(MinecraftClient.java:600) [minecraft-project-@-merged-named.jar:?]
	at net.minecraft.client.main.Main.main(Main.java:178) [minecraft-project-@-merged-named.jar:?]
	at net.fabricmc.loader.impl.game.minecraft.MinecraftGameProvider.launch(MinecraftGameProvider.java:460) [fabric-loader-0.14.6.jar:?]
	at net.fabricmc.loader.impl.launch.knot.Knot.launch(Knot.java:74) [fabric-loader-0.14.6.jar:?]
	at net.fabricmc.loader.impl.launch.knot.KnotClient.main(KnotClient.java:23) [fabric-loader-0.14.6.jar:?]
	at net.fabricmc.devlaunchinjector.Main.main(Main.java:86) [dev-launch-injector-0.2.1+build.8.jar:?]
	Suppressed: java.lang.UnsatisfiedLinkError: libflite.so.1: cannot open shared object file: No such file or directory
		at com.sun.jna.Native.open(Native Method) ~[jna-5.10.0.jar:?]
		at com.sun.jna.NativeLibrary.loadLibrary(NativeLibrary.java:191) ~[jna-5.10.0.jar:?]
		at com.sun.jna.NativeLibrary.getInstance(NativeLibrary.java:461) ~[jna-5.10.0.jar:?]
		at com.sun.jna.NativeLibrary.getInstance(NativeLibrary.java:403) ~[jna-5.10.0.jar:?]
		at com.mojang.text2speech.NarratorLinux.<clinit>(NarratorLinux.java:18) [text2speech-1.12.4.jar:?]
		at com.mojang.text2speech.Narrator.getNarrator(Narrator.java:21) [text2speech-1.12.4.jar:?]
		at net.minecraft.client.util.NarratorManager.<init>(NarratorManager.java:33) [minecraft-project-@-merged-named.jar:?]
		at net.minecraft.client.util.NarratorManager.<clinit>(NarratorManager.java:33) [minecraft-project-@-merged-named.jar:?]
		at net.minecraft.client.gui.hud.InGameHud.<init>(InGameHud.java:165) [minecraft-project-@-merged-named.jar:?]
		at net.minecraft.client.MinecraftClient.<init>(MinecraftClient.java:600) [minecraft-project-@-merged-named.jar:?]
		at net.minecraft.client.main.Main.main(Main.java:178) [minecraft-project-@-merged-named.jar:?]
		at net.fabricmc.loader.impl.game.minecraft.MinecraftGameProvider.launch(MinecraftGameProvider.java:460) [fabric-loader-0.14.6.jar:?]
		at net.fabricmc.loader.impl.launch.knot.Knot.launch(Knot.java:74) [fabric-loader-0.14.6.jar:?]
		at net.fabricmc.loader.impl.launch.knot.KnotClient.main(KnotClient.java:23) [fabric-loader-0.14.6.jar:?]
		at net.fabricmc.devlaunchinjector.Main.main(Main.java:86) [dev-launch-injector-0.2.1+build.8.jar:?]
	Suppressed: java.lang.UnsatisfiedLinkError: libflite.so.1: cannot open shared object file: No such file or directory
		at com.sun.jna.Native.open(Native Method) ~[jna-5.10.0.jar:?]
		at com.sun.jna.NativeLibrary.loadLibrary(NativeLibrary.java:204) ~[jna-5.10.0.jar:?]
		at com.sun.jna.NativeLibrary.getInstance(NativeLibrary.java:461) ~[jna-5.10.0.jar:?]
		at com.sun.jna.NativeLibrary.getInstance(NativeLibrary.java:403) ~[jna-5.10.0.jar:?]
		at com.mojang.text2speech.NarratorLinux.<clinit>(NarratorLinux.java:18) [text2speech-1.12.4.jar:?]
		at com.mojang.text2speech.Narrator.getNarrator(Narrator.java:21) [text2speech-1.12.4.jar:?]
		at net.minecraft.client.util.NarratorManager.<init>(NarratorManager.java:33) [minecraft-project-@-merged-named.jar:?]
		at net.minecraft.client.util.NarratorManager.<clinit>(NarratorManager.java:33) [minecraft-project-@-merged-named.jar:?]
		at net.minecraft.client.gui.hud.InGameHud.<init>(InGameHud.java:165) [minecraft-project-@-merged-named.jar:?]
		at net.minecraft.client.MinecraftClient.<init>(MinecraftClient.java:600) [minecraft-project-@-merged-named.jar:?]
		at net.minecraft.client.main.Main.main(Main.java:178) [minecraft-project-@-merged-named.jar:?]
		at net.fabricmc.loader.impl.game.minecraft.MinecraftGameProvider.launch(MinecraftGameProvider.java:460) [fabric-loader-0.14.6.jar:?]
		at net.fabricmc.loader.impl.launch.knot.Knot.launch(Knot.java:74) [fabric-loader-0.14.6.jar:?]
		at net.fabricmc.loader.impl.launch.knot.KnotClient.main(KnotClient.java:23) [fabric-loader-0.14.6.jar:?]
		at net.fabricmc.devlaunchinjector.Main.main(Main.java:86) [dev-launch-injector-0.2.1+build.8.jar:?]
	Suppressed: java.io.IOException: Native library (linux-x86-64/libfliteWrapper.so) not found in resource path (/home/charlie/Projects/Minecraft-Mods/DBE_Fabric/build/classes/java/main:/home/charlie/Projects/Minecraft-Mods/DBE_Fabric/build/resources/main:/home/charlie/.gradle/caches/fabric-loom/1.18.2/net.fabricmc.yarn.1_18_2.1.18.2+build.3-v2/mappings.jar:/home/charlie/.gradle/caches/modules-2/files-2.1/net.fabricmc/tiny-mappings-parser/0.3.0+build.17/2f10540a290e382a7cd35c16ec3900046a4e252/tiny-mappings-parser-0.3.0+build.17.jar:/home/charlie/.gradle/caches/modules-2/files-2.1/net.fabricmc/sponge-mixin/0.11.4+mixin.0.8.5/c1dc27696aa4006e492c2485c9ccbcb26045a971/sponge-mixin-0.11.4+mixin.0.8.5.jar:/home/charlie/.gradle/caches/modules-2/files-2.1/net.fabricmc/tiny-remapper/0.8.2/2cc6565989469ec38893bfb7802b31c0d0d11ea0/tiny-remapper-0.8.2.jar:/home/charlie/.gradle/caches/modules-2/files-2.1/net.fabricmc/access-widener/2.1.0/f62a27adbfd8ab4d4fa5681793039f2c0b177155/access-widener-2.1.0.jar:/home/charlie/.gradle/caches/modules-2/files-2.1/org.ow2.asm/asm/9.3/8e6300ef51c1d801a7ed62d07cd221aca3a90640/asm-9.3.jar:/home/charlie/.gradle/caches/modules-2/files-2.1/org.ow2.asm/asm-analysis/9.3/4b071f211b37c38e0e9f5998550197c8593f6ad8/asm-analysis-9.3.jar:/home/charlie/.gradle/caches/modules-2/files-2.1/org.ow2.asm/asm-commons/9.3/1f2a432d1212f5c352ae607d7b61dcae20c20af5/asm-commons-9.3.jar:/home/charlie/.gradle/caches/modules-2/files-2.1/org.ow2.asm/asm-tree/9.3/78d2ecd61318b5a58cd04fb237636c0e86b77d97/asm-tree-9.3.jar:/home/charlie/.gradle/caches/modules-2/files-2.1/org.ow2.asm/asm-util/9.3/9595bc05510d0bd4b610188b77333fe4851a1975/asm-util-9.3.jar:/home/charlie/.gradle/caches/modules-2/files-2.1/net.fabricmc/dev-launch-injector/0.2.1+build.8/da8bef7e6e2f952da707f282bdb46882a0fce5e3/dev-launch-injector-0.2.1+build.8.jar:/home/charlie/.gradle/caches/modules-2/files-2.1/net.minecrell/terminalconsoleappender/1.2.0/96d02cd3b384ff015a8fef4223bcb4ccf1717c95/terminalconsoleappender-1.2.0.jar:/home/charlie/.gradle/caches/modules-2/files-2.1/com.mojang/patchy/2.2.10/da05971b07cbb379d002cf7eaec6a2048211fefc/patchy-2.2.10.jar:/home/charlie/.gradle/caches/modules-2/files-2.1/com.mojang/blocklist/1.0.10/5c685c5ffa94c4cd39496c7184c1d122e515ecef/blocklist-1.0.10.jar:/home/charlie/.gradle/caches/modules-2/files-2.1/com.ibm.icu/icu4j/70.1/dfa3a1fbc55bf5db8c6e79fc0935ac7ab1202950/icu4j-70.1.jar:/home/charlie/.gradle/caches/modules-2/files-2.1/org.apache.httpcomponents/httpclient/4.5.13/e5f6cae5ca7ecaac1ec2827a9e2d65ae2869cada/httpclient-4.5.13.jar:/home/charlie/.gradle/caches/modules-2/files-2.1/commons-codec/commons-codec/1.15/49d94806b6e3dc933dacbd8acb0fdbab8ebd1e5d/commons-codec-1.15.jar:/home/charlie/.gradle/caches/modules-2/files-2.1/org.apache.commons/commons-compress/1.21/4ec95b60d4e86b5c95a0e919cb172a0af98011ef/commons-compress-1.21.jar:/home/charlie/.gradle/caches/modules-2/files-2.1/commons-logging/commons-logging/1.2/4bfc12adfe4842bf07b657f0369c4cb522955686/commons-logging-1.2.jar:/home/charlie/.gradle/caches/modules-2/files-2.1/org.apache.httpcomponents/httpcore/4.4.14/9dd1a631c082d92ecd4bd8fd4cf55026c720a8c1/httpcore-4.4.14.jar:/home/charlie/.gradle/caches/modules-2/files-2.1/org.lwjgl/lwjgl-jemalloc/3.2.2/ee8e57a79300f78294576d87c4a587f8c99402e2/lwjgl-jemalloc-3.2.2.jar:/home/charlie/.gradle/caches/modules-2/files-2.1/org.lwjgl/lwjgl-openal/3.2.2/2b772a102b0a11ee5f2109a5b136f4dc7c630827/lwjgl-openal-3.2.2.jar:/home/charlie/.gradle/caches/modules-2/files-2.1/org.lwjgl/lwjgl-opengl/3.2.2/6ac5bb88b44c43ea195a570aab059f63da004cd8/lwjgl-opengl-3.2.2.jar:/home/charlie/.gradle/caches/modules-2/files-2.1/org.lwjgl/lwjgl-glfw/3.2.2/d3ad4df38e400b8afba1de63f84338809399df5b/lwjgl-glfw-3.2.2.jar:/home/charlie/.gradle/caches/modules-2/files-2.1/org.lwjgl/lwjgl-stb/3.2.2/3b8e6ebc5851dd3d17e37e5cadce2eff2a429f0f/lwjgl-stb-3.2.2.jar:/home/charlie/.gradle/caches/modules-2/files-2.1/org.lwjgl/lwjgl-tinyfd/3.2.2/fcbe606c8f8da6f8f9a05e2c540eb1ee8632b0e9/lwjgl-tinyfd-3.2.2.jar:/home/charlie/.gradle/caches/modules-2/files-2.1/org.lwjgl/lwjgl/3.2.2/8ad6294407e15780b43e84929c40e4c5e997972e/lwjgl-3.2.2.jar:/home/charlie/.gradle/caches/modules-2/files-2.1/com.mojang/text2speech/1.12.4/1f618f522dbdd93218c270bcfd8f8dd84be31717/text2speech-1.12.4.jar:/home/charlie/Projects/Minecraft-Mods/DBE_Fabric/.gradle/loom-cache/1.18.2/net.fabricmc.yarn.1_18_2.1.18.2+build.3-v2/minecraft-project-@-merged-named.jar:/home/charlie/.gradle/caches/modules-2/files-2.1/com.mojang/logging/1.0.0/f6ca3b2eee0b80b384e8ed93d368faecb82dfb9b/logging-1.0.0.jar:/home/charlie/.gradle/caches/modules-2/files-2.1/com.github.oshi/oshi-core/5.8.5/1d0ec654d820741327f5a9229d513732a4b7ce50/oshi-core-5.8.5.jar:/home/charlie/.gradle/caches/modules-2/files-2.1/net.java.dev.jna/jna-platform/5.10.0/fbed7d9669dba47714ad0d4f4454290a997aee69/jna-platform-5.10.0.jar:/home/charlie/.gradle/caches/modules-2/files-2.1/ca.weblite/java-objc-bridge/1.0.0/6ef160c3133a78de015830860197602ca1c855d3/java-objc-bridge-1.0.0.jar:/home/charlie/.gradle/caches/modules-2/files-2.1/net.java.dev.jna/jna/5.10.0/7cf4c87dd802db50721db66947aa237d7ad09418/jna-5.10.0.jar:/home/charlie/.gradle/caches/modules-2/files-2.1/org.apache.logging.log4j/log4j-slf4j18-impl/2.17.0/bd7f6c0b9224dd214afb4e684957e2349b529a8d/log4j-slf4j18-impl-2.17.0.jar:/home/charlie/.gradle/caches/modules-2/files-2.1/com.mojang/datafixerupper/4.1.27/a02c43824ce57c3f7a7d7e744f0d99a040398b5/datafixerupper-4.1.27.jar:/home/charlie/.gradle/caches/modules-2/files-2.1/com.mojang/authlib/3.3.39/289405e70c0917eaeac017f7fba9adb4427baa36/authlib-3.3.39.jar:/home/charlie/.gradle/caches/modules-2/files-2.1/org.slf4j/slf4j-api/1.8.0-beta4/83b0359d847ee053d745be7ec0d8e9e8a44304b4/slf4j-api-1.8.0-beta4.jar:/home/charlie/.gradle/caches/modules-2/files-2.1/com.mojang/javabridge/1.2.24/c876796229b2ef5120f186eab5acc870699d3b9/javabridge-1.2.24.jar:/home/charlie/.gradle/caches/modules-2/files-2.1/net.sf.jopt-simple/jopt-simple/5.0.4/4fdac2fbe92dfad86aa6e9301736f6b4342a3f5c/jopt-simple-5.0.4.jar:/home/charlie/.gradle/caches/modules-2/files-2.1/io.netty/netty-all/4.1.68.Final/b8266a3c93c1c051109f71d3449e5dcd5d60b333/netty-all-4.1.68.Final.jar:/home/charlie/.gradle/caches/modules-2/files-2.1/com.google.guava/guava/31.0.1-jre/119ea2b2bc205b138974d351777b20f02b92704b/guava-31.0.1-jre.jar:/home/charlie/.gradle/caches/modules-2/files-2.1/com.google.guava/failureaccess/1.0.1/1dcf1de382a0bf95a3d8b0849546c88bac1292c9/failureaccess-1.0.1.jar:/home/charlie/.gradle/caches/modules-2/files-2.1/org.apache.commons/commons-lang3/3.12.0/c6842c86792ff03b9f1d1fe2aab8dc23aa6c6f0e/commons-lang3-3.12.0.jar:/home/charlie/.gradle/caches/modules-2/files-2.1/commons-io/commons-io/2.11.0/a2503f302b11ebde7ebc3df41daebe0e4eea3689/commons-io-2.11.0.jar:/home/charlie/.gradle/caches/modules-2/files-2.1/com.mojang/brigadier/1.0.18/c1ef1234282716483c92183f49bef47b1a89bfa9/brigadier-1.0.18.jar:/home/charlie/.gradle/caches/modules-2/files-2.1/com.google.code.gson/gson/2.8.9/8a432c1d6825781e21a02db2e2c33c5fde2833b9/gson-2.8.9.jar:/home/charlie/.gradle/caches/modules-2/files-2.1/it.unimi.dsi/fastutil/8.5.6/76f95700418a68fbc4ac050525261f05dc681ca1/fastutil-8.5.6.jar:/home/charlie/.gradle/caches/modules-2/files-2.1/org.apache.logging.log4j/log4j-core/2.17.0/fe6e7a32c1228884b9691a744f953a55d0dd8ead/log4j-core-2.17.0.jar:/home/charlie/.gradle/caches/modules-2/files-2.1/org.apache.logging.log4j/log4j-api/2.17.0/bbd791e9c8c9421e45337c4fe0a10851c086e36c/log4j-api-2.17.0.jar:/home/charlie/Projects/Minecraft-Mods/DBE_Fabric/.gradle/loom-cache/remapped_mods/net_fabricmc_yarn_1_18_2_1_18_2_build_3_v2/net/fabricmc/fabric-loader/0.14.6/fabric-loader-0.14.6.jar:/home/charlie/Projects/Minecraft-Mods/DBE_Fabric/.gradle/loom-cache/remapped_mods/net_fabricmc_yarn_1_18_2_1_18_2_build_3_v2/net/fabricmc/fabric-api/fabric-api/0.53.0+1.18.2/fabric-api-0.53.0+1.18.2.jar:/home/charlie/Projects/Minecraft-Mods/DBE_Fabric/.gradle/loom-cache/remapped_mods/net_fabricmc_yarn_1_18_2_1_18_2_build_3_v2/net/fabricmc/fabric-api/fabric-transfer-api-v1/1.6.1+f4563ac860/fabric-transfer-api-v1-1.6.1+f4563ac860.jar:/home/charlie/Projects/Minecraft-Mods/DBE_Fabric/.gradle/loom-cache/remapped_mods/net_fabricmc_yarn_1_18_2_1_18_2_build_3_v2/net/fabricmc/fabric-api/fabric-api-lookup-api-v1/1.6.0+2373a54560/fabric-api-lookup-api-v1-1.6.0+2373a54560.jar:/home/charlie/Projects/Minecraft-Mods/DBE_Fabric/.gradle/loom-cache/remapped_mods/net_fabricmc_yarn_1_18_2_1_18_2_build_3_v2/net/fabricmc/fabric-api/fabric-blockrenderlayer-v1/1.1.12+3ac43d9560/fabric-blockrenderlayer-v1-1.1.12+3ac43d9560.jar:/home/charlie/Projects/Minecraft-Mods/DBE_Fabric/.gradle/loom-cache/remapped_mods/net_fabricmc_yarn_1_18_2_1_18_2_build_3_v2/net/fabricmc/fabric-api/fabric-commands-v0/0.2.8+b4f4f6cd60/fabric-commands-v0-0.2.8+b4f4f6cd60.jar:/home/charlie/Projects/Minecraft-Mods/DBE_Fabric/.gradle/loom-cache/remapped_mods/net_fabricmc_yarn_1_18_2_1_18_2_build_3_v2/net/fabricmc/fabric-api/fabric-command-api-v1/1.1.9+d7c144a860/fabric-command-api-v1-1.1.9+d7c144a860.jar:/home/charlie/Projects/Minecraft-Mods/DBE_Fabric/.gradle/loom-cache/remapped_mods/net_fabricmc_yarn_1_18_2_1_18_2_build_3_v2/net/fabricmc/fabric-api/fabric-containers-v0/0.1.21+d7c144a860/fabric-containers-v0-0.1.21+d7c144a860.jar:/home/charlie/Projects/Minecraft-Mods/DBE_Fabric/.gradle/loom-cache/remapped_mods/net_fabricmc_yarn_1_18_2_1_18_2_build_3_v2/net/fabricmc/fabric-api/fabric-content-registries-v0/3.0.4+d82b939260/fabric-content-registries-v0-3.0.4+d82b939260.jar:/home/charlie/Projects/Minecraft-Mods/DBE_Fabric/.gradle/loom-cache/remapped_mods/net_fabricmc_yarn_1_18_2_1_18_2_build_3_v2/net/fabricmc/fabric-api/fabric-convention-tags-v1/1.0.1+474e4f7960/fabric-convention-tags-v1-1.0.1+474e4f7960.jar:/home/charlie/Projects/Minecraft-Mods/DBE_Fabric/.gradle/loom-cache/remapped_mods/net_fabricmc_yarn_1_18_2_1_18_2_build_3_v2/net/fabricmc/fabric-api/fabric-data-generation-api-v1/2.0.9+e19de87d60/fabric-data-generation-api-v1-2.0.9+e19de87d60.jar:/home/charlie/Projects/Minecraft-Mods/DBE_Fabric/.gradle/loom-cache/remapped_mods/net_fabricmc_yarn_1_18_2_1_18_2_build_3_v2/net/fabricmc/fabric-api/fabric-dimensions-v1/2.1.17+2540745460/fabric-dimensions-v1-2.1.17+2540745460.jar:/home/charlie/Projects/Minecraft-Mods/DBE_Fabric/.gradle/loom-cache/remapped_mods/net_fabricmc_yarn_1_18_2_1_18_2_build_3_v2/net/fabricmc/fabric-api/fabric-entity-events-v1/1.4.8+d7c144a860/fabric-entity-events-v1-1.4.8+d7c144a860.jar:/home/charlie/Projects/Minecraft-Mods/DBE_Fabric/.gradle/loom-cache/remapped_mods/net_fabricmc_yarn_1_18_2_1_18_2_build_3_v2/net/fabricmc/fabric-api/fabric-events-interaction-v0/0.4.19+d7c144a860/fabric-events-interaction-v0-0.4.19+d7c144a860.jar:/home/charlie/Projects/Minecraft-Mods/DBE_Fabric/.gradle/loom-cache/remapped_mods/net_fabricmc_yarn_1_18_2_1_18_2_build_3_v2/net/fabricmc/fabric-api/fabric-events-lifecycle-v0/0.2.15+d7c144a860/fabric-events-lifecycle-v0-0.2.15+d7c144a860.jar:/home/charlie/Projects/Minecraft-Mods/DBE_Fabric/.gradle/loom-cache/remapped_mods/net_fabricmc_yarn_1_18_2_1_18_2_build_3_v2/net/fabricmc/fabric-api/fabric-gametest-api-v1/1.0.17+91b7aa6660/fabric-gametest-api-v1-1.0.17+91b7aa6660.jar:/home/charlie/Projects/Minecraft-Mods/DBE_Fabric/.gradle/loom-cache/remapped_mods/net_fabricmc_yarn_1_18_2_1_18_2_build_3_v2/net/fabricmc/fabric-api/fabric-item-api-v1/1.5.0+85719ab760/fabric-item-api-v1-1.5.0+85719ab760.jar:/home/charlie/Projects/Minecraft-Mods/DBE_Fabric/.gradle/loom-cache/remapped_mods/net_fabricmc_yarn_1_18_2_1_18_2_build_3_v2/net/fabricmc/fabric-api/fabric-item-groups-v0/0.3.12+91896a4960/fabric-item-groups-v0-0.3.12+91896a4960.jar:/home/charlie/Projects/Minecraft-Mods/DBE_Fabric/.gradle/loom-cache/remapped_mods/net_fabricmc_yarn_1_18_2_1_18_2_build_3_v2/net/fabricmc/fabric-api/fabric-lifecycle-events-v1/2.0.3+2d83e92c60/fabric-lifecycle-events-v1-2.0.3+2d83e92c60.jar:/home/charlie/Projects/Minecraft-Mods/DBE_Fabric/.gradle/loom-cache/remapped_mods/net_fabricmc_yarn_1_18_2_1_18_2_build_3_v2/net/fabricmc/fabric-api/fabric-loot-tables-v1/1.0.11+d7c144a860/fabric-loot-tables-v1-1.0.11+d7c144a860.jar:/home/charlie/Projects/Minecraft-Mods/DBE_Fabric/.gradle/loom-cache/remapped_mods/net_fabricmc_yarn_1_18_2_1_18_2_build_3_v2/net/fabricmc/fabric-api/fabric-mining-level-api-v1/2.1.1+81ea5b3c60/fabric-mining-level-api-v1-2.1.1+81ea5b3c60.jar:/home/charlie/Projects/Minecraft-Mods/DBE_Fabric/.gradle/loom-cache/remapped_mods/net_fabricmc_yarn_1_18_2_1_18_2_build_3_v2/net/fabricmc/fabric-api/fabric-models-v0/0.3.6+d7c144a860/fabric-models-v0-0.3.6+d7c144a860.jar:/home/charlie/Projects/Minecraft-Mods/DBE_Fabric/.gradle/loom-cache/remapped_mods/net_fabricmc_yarn_1_18_2_1_18_2_build_3_v2/net/fabricmc/fabric-api/fabric-networking-v0/0.3.8+b4f4f6cd60/fabric-networking-v0-0.3.8+b4f4f6cd60.jar:/home/charlie/Projects/Minecraft-Mods/DBE_Fabric/.gradle/loom-cache/remapped_mods/net_fabricmc_yarn_1_18_2_1_18_2_build_3_v2/net/fabricmc/fabric-api/fabric-registry-sync-v0/0.9.8+0d9ab37260/fabric-registry-sync-v0-0.9.8+0d9ab37260.jar:/home/charlie/Projects/Minecraft-Mods/DBE_Fabric/.gradle/loom-cache/remapped_mods/net_fabricmc_yarn_1_18_2_1_18_2_build_3_v2/net/fabricmc/fabric-api/fabric-screen-handler-api-v1/1.2.0+1f6558e860/fabric-screen-handler-api-v1-1.2.0+1f6558e860.jar:/home/charlie/Projects/Minecraft-Mods/DBE_Fabric/.gradle/loom-cache/remapped_mods/net_fabricmc_yarn_1_18_2_1_18_2_build_3_v2/net/fabricmc/fabric-api/fabric-networking-api-v1/1.0.21+d882b91560/fabric-networking-api-v1-1.0.21+d882b91560.jar:/home/charlie/Projects/Minecraft-Mods/DBE_Fabric/.gradle/loom-cache/remapped_mods/net_fabricmc_yarn_1_18_2_1_18_2_build_3_v2/net/fabricmc/fabric-api/fabric-object-builder-api-v1/2.1.1+032c981d60/fabric-object-builder-api-v1-2.1.1+032c981d60.jar:/home/charlie/Projects/Minecraft-Mods/DBE_Fabric/.gradle/loom-cache/remapped_mods/net_fabricmc_yarn_1_18_2_1_18_2_build_3_v2/net/fabricmc/fabric-api/fabric-particles-v1/0.2.12+526dc1ac60/fabric-particles-v1-0.2.12+526dc1ac60.jar:/home/charlie/Projects/Minecraft-Mods/DBE_Fabric/.gradle/loom-cache/remapped_mods/net_fabricmc_yarn_1_18_2_1_18_2_build_3_v2/net/fabricmc/fabric-api/fabric-renderer-indigo/0.5.0+7faf0d8860/fabric-renderer-indigo-0.5.0+7faf0d8860.jar:/home/charlie/Projects/Minecraft-Mods/DBE_Fabric/.gradle/loom-cache/remapped_mods/net_fabricmc_yarn_1_18_2_1_18_2_build_3_v2/net/fabricmc/fabric-api/fabric-renderer-api-v1/0.4.13+d882b91560/fabric-renderer-api-v1-0.4.13+d882b91560.jar:/home/charlie/Projects/Minecraft-Mods/DBE_Fabric/.gradle/loom-cache/remapped_mods/net_fabricmc_yarn_1_18_2_1_18_2_build_3_v2/net/fabricmc/fabric-api/fabric-renderer-registries-v1/3.2.11+b4f4f6cd60/fabric-renderer-registries-v1-3.2.11+b4f4f6cd60.jar:/home/charlie/Projects/Minecraft-Mods/DBE_Fabric/.gradle/loom-cache/remapped_mods/net_fabricmc_yarn_1_18_2_1_18_2_build_3_v2/net/fabricmc/fabric-api/fabric-rendering-data-attachment-v1/0.3.7+d7c144a860/fabric-rendering-data-attachment-v1-0.3.7+d7c144a860.jar:/home/charlie/Projects/Minecraft-Mods/DBE_Fabric/.gradle/loom-cache/remapped_mods/net_fabricmc_yarn_1_18_2_1_18_2_build_3_v2/net/fabricmc/fabric-api/fabric-rendering-fluids-v1/2.0.2+54e5b2ec60/fabric-rendering-fluids-v1-2.0.2+54e5b2ec60.jar:/home/charlie/Projects/Minecraft-Mods/DBE_Fabric/.gradle/loom-cache/remapped_mods/net_fabricmc_yarn_1_18_2_1_18_2_build_3_v2/net/fabricmc/fabric-api/fabric-rendering-v0/1.1.13+b4f4f6cd60/fabric-rendering-v0-1.1.13+b4f4f6cd60.jar:/home/charlie/Projects/Minecraft-Mods/DBE_Fabric/.gradle/loom-cache/remapped_mods/net_fabricmc_yarn_1_18_2_1_18_2_build_3_v2/net/fabricmc/fabric-api/fabric-rendering-v1/1.10.7+54e5b2ec60/fabric-rendering-v1-1.10.7+54e5b2ec60.jar:/home/charlie/Projects/Minecraft-Mods/DBE_Fabric/.gradle/loom-cache/remapped_mods/net_fabricmc_yarn_1_18_2_1_18_2_build_3_v2/net/fabricmc/fabric-api/fabric-screen-api-v1/1.0.10+d882b91560/fabric-screen-api-v1-1.0.10+d882b91560.jar:/home/charlie/Projects/Minecraft-Mods/DBE_Fabric/.gradle/loom-cache/remapped_mods/net_fabricmc_yarn_1_18_2_1_18_2_build_3_v2/net/fabricmc/fabric-api/fabric-textures-v0/1.0.12+3ac43d9560/fabric-textures-v0-1.0.12+3ac43d9560.jar:/home/charlie/Projects/Minecraft-Mods/DBE_Fabric/.gradle/loom-cache/remapped_mods/net_fabricmc_yarn_1_18_2_1_18_2_build_3_v2/net/fabricmc/fabric-api/fabric-api-base/0.4.4+d7c144a860/fabric-api-base-0.4.4+d7c144a860.jar:/home/charlie/Projects/Minecraft-Mods/DBE_Fabric/.gradle/loom-cache/remapped_mods/net_fabricmc_yarn_1_18_2_1_18_2_build_3_v2/net/fabricmc/fabric-api/fabric-biome-api-v1/8.0.4+7b0f312660/fabric-biome-api-v1-8.0.4+7b0f312660.jar:/home/charlie/Projects/Minecraft-Mods/DBE_Fabric/.gradle/loom-cache/remapped_mods/net_fabricmc_yarn_1_18_2_1_18_2_build_3_v2/net/fabricmc/fabric-api/fabric-crash-report-info-v1/0.2.0+a6b0947860/fabric-crash-report-info-v1-0.2.0+a6b0947860.jar:/home/charlie/Projects/Minecraft-Mods/DBE_Fabric/.gradle/loom-cache/remapped_mods/net_fabricmc_yarn_1_18_2_1_18_2_build_3_v2/net/fabricmc/fabric-api/fabric-game-rule-api-v1/1.0.13+d7c144a860/fabric-game-rule-api-v1-1.0.13+d7c144a860.jar:/home/charlie/Projects/Minecraft-Mods/DBE_Fabric/.gradle/loom-cache/remapped_mods/net_fabricmc_yarn_1_18_2_1_18_2_build_3_v2/net/fabricmc/fabric-api/fabric-keybindings-v0/0.2.10+b4f4f6cd60/fabric-keybindings-v0-0.2.10+b4f4f6cd60.jar:/home/charlie/Projects/Minecraft-Mods/DBE_Fabric/.gradle/loom-cache/remapped_mods/net_fabricmc_yarn_1_18_2_1_18_2_build_3_v2/net/fabricmc/fabric-api/fabric-key-binding-api-v1/1.0.12+54e5b2ec60/fabric-key-binding-api-v1-1.0.12+54e5b2ec60.jar:/home/charlie/Projects/Minecraft-Mods/DBE_Fabric/.gradle/loom-cache/remapped_mods/net_fabricmc_yarn_1_18_2_1_18_2_build_3_v2/net/fabricmc/fabric-api/fabric-resource-conditions-api-v1/2.0.3+91b7aa6660/fabric-resource-conditions-api-v1-2.0.3+91b7aa6660.jar:/home/charlie/Projects/Minecraft-Mods/DBE_Fabric/.gradle/loom-cache/remapped_mods/net_fabricmc_yarn_1_18_2_1_18_2_build_3_v2/net/fabricmc/fabric-api/fabric-resource-loader-v0/0.5.0+2afceb2960/fabric-resource-loader-v0-0.5.0+2afceb2960.jar:/home/charlie/Projects/Minecraft-Mods/DBE_Fabric/.gradle/loom-cache/remapped_mods/net_fabricmc_yarn_1_18_2_1_18_2_build_3_v2/net/fabricmc/fabric-api/fabric-transitive-access-wideners-v1/1.0.0+bd8a4a1860/fabric-transitive-access-wideners-v1-1.0.0+bd8a4a1860.jar:/home/charlie/.gradle/caches/modules-2/files-2.1/org.jline/jline-reader/3.12.1/4382ab1382c7b6f379377ed5f665dc2f6e1218bc/jline-reader-3.12.1.jar:/home/charlie/.gradle/caches/modules-2/files-2.1/com.google.guava/listenablefuture/9999.0-empty-to-avoid-conflict-with-guava/b421526c5f297295adef1c886e5246c39d4ac629/listenablefuture-9999.0-empty-to-avoid-conflict-with-guava.jar:/home/charlie/.gradle/caches/modules-2/files-2.1/com.google.code.findbugs/jsr305/3.0.2/25ea2e8b0c338a877313bd4672d3fe056ea78f0d/jsr305-3.0.2.jar:/home/charlie/.gradle/caches/modules-2/files-2.1/org.checkerframework/checker-qual/3.12.0/d5692f0526415fcc6de94bb5bfbd3afd9dd3b3e5/checker-qual-3.12.0.jar:/home/charlie/.gradle/caches/modules-2/files-2.1/com.google.errorprone/error_prone_annotations/2.7.1/458d9042f7aa6fa9a634df902b37f544e15aacac/error_prone_annotations-2.7.1.jar:/home/charlie/.gradle/caches/modules-2/files-2.1/com.google.j2objc/j2objc-annotations/1.3/ba035118bc8bac37d7eff77700720999acd9986d/j2objc-annotations-1.3.jar:/home/charlie/.gradle/caches/modules-2/files-2.1/org.jline/jline-terminal/3.12.1/c777448314e050d980a6b697c140f3bfe9eb7416/jline-terminal-3.12.1.jar)
		at com.sun.jna.Native.extractFromResourcePath(Native.java:1145) ~[jna-5.10.0.jar:?]
		at com.sun.jna.NativeLibrary.loadLibrary(NativeLibrary.java:275) ~[jna-5.10.0.jar:?]
		at com.sun.jna.NativeLibrary.getInstance(NativeLibrary.java:461) ~[jna-5.10.0.jar:?]
		at com.sun.jna.NativeLibrary.getInstance(NativeLibrary.java:403) ~[jna-5.10.0.jar:?]
		at com.mojang.text2speech.NarratorLinux.<clinit>(NarratorLinux.java:18) [text2speech-1.12.4.jar:?]
		at com.mojang.text2speech.Narrator.getNarrator(Narrator.java:21) [text2speech-1.12.4.jar:?]
		at net.minecraft.client.util.NarratorManager.<init>(NarratorManager.java:33) [minecraft-project-@-merged-named.jar:?]
		at net.minecraft.client.util.NarratorManager.<clinit>(NarratorManager.java:33) [minecraft-project-@-merged-named.jar:?]
		at net.minecraft.client.gui.hud.InGameHud.<init>(InGameHud.java:165) [minecraft-project-@-merged-named.jar:?]
		at net.minecraft.client.MinecraftClient.<init>(MinecraftClient.java:600) [minecraft-project-@-merged-named.jar:?]
		at net.minecraft.client.main.Main.main(Main.java:178) [minecraft-project-@-merged-named.jar:?]
		at net.fabricmc.loader.impl.game.minecraft.MinecraftGameProvider.launch(MinecraftGameProvider.java:460) [fabric-loader-0.14.6.jar:?]
		at net.fabricmc.loader.impl.launch.knot.Knot.launch(Knot.java:74) [fabric-loader-0.14.6.jar:?]
		at net.fabricmc.loader.impl.launch.knot.KnotClient.main(KnotClient.java:23) [fabric-loader-0.14.6.jar:?]
		at net.fabricmc.devlaunchinjector.Main.main(Main.java:86) [dev-launch-injector-0.2.1+build.8.jar:?]
[01:47:39] [Render thread/INFO] (Minecraft) Reloading ResourceManager: Default, Fabric Mods (Fabric Renderer API (v1), Fabric BlockRenderLayer Registration (v1), Fabric Key Bindings (v0), Fabric Loader, Fabric Rendering Fluids (v1), Fabric Containers (v0), Fabric Transitive Access Wideners (v1), Fabric Biome API (v1), Fabric Screen API (v1), Fabric Item API (v1), Fabric API Base, Fabric Item Groups (v0), Fabric Registry Sync (v0), Fabric Particles (v1), Fabric Crash Report Info (v1), Fabric Entity Events (v1), Fabric Models (v0), Fabric Content Registries (v0), Fabric Resource Loader (v0), Fabric Renderer Registries (v1), Rabbitminer's Dave's Building Extended Refabricated, Fabric Networking API (v1), Fabric Command API (v1), Fabric Object Builder API (v1), Fabric Rendering Data Attachment (v1), Fabric Dimensions API (v1), Fabric Loot Tables (v1), Fabric Game Rule API (v1), Fabric API Lookup API (v1), Fabric Resource Conditions API (v1), Fabric Data Generation API (v1), Fabric Textures (v0), Fabric Lifecycle Events (v1), Fabric Convention Tags, Fabric Game Test API (v1), Fabric Screen Handler API (v1), Fabric Transfer API (v1), Fabric Events Lifecycle (v0), Fabric API, Fabric Events Interaction (v0), Fabric Renderer - Indigo, Fabric Key Binding API (v1), Fabric Rendering (v0), Fabric Commands (v0), Fabric Networking (v0), Fabric Rendering (v1), Fabric Mining Level API (v1))
[01:47:39] [Render thread/INFO] (dbe) This line is printed by an example mod mixin!
[01:47:40] [Realms Notification Availability checker #1/INFO] (Minecraft) Could not authorize you against Realms server: Invalid session id
[01:47:43] [Worker-Main-9/WARN] (Minecraft) Exception loading blockstate definition: 'dbe:blockstates/vent_straight.json' in resourcepack: 'Rabbitminer's Dave's Building Extended Refabricated' for variant: 'facing=down': Unknown value: 'down' for blockstate property: 'facing' [north, south, west, east]
[01:47:43] [Worker-Main-9/WARN] (Minecraft) Exception loading blockstate definition: 'dbe:blockstates/vent_straight.json' in resourcepack: 'Rabbitminer's Dave's Building Extended Refabricated' for variant: 'facing=up': Unknown value: 'up' for blockstate property: 'facing' [north, south, west, east]
[01:47:43] [Worker-Main-9/WARN] (Minecraft) Exception loading blockstate definition: 'dbe:blockstates/pc_setup.json' in resourcepack: 'Rabbitminer's Dave's Building Extended Refabricated' for variant: 'facing=east': Unknown blockstate property: 'facing'
[01:47:43] [Worker-Main-9/WARN] (Minecraft) Exception loading blockstate definition: 'dbe:blockstates/pc_setup.json' in resourcepack: 'Rabbitminer's Dave's Building Extended Refabricated' for variant: 'facing=south': Unknown blockstate property: 'facing'
[01:47:43] [Worker-Main-9/WARN] (Minecraft) Exception loading blockstate definition: 'dbe:blockstates/pc_setup.json' in resourcepack: 'Rabbitminer's Dave's Building Extended Refabricated' for variant: 'facing=north': Unknown blockstate property: 'facing'
[01:47:43] [Worker-Main-9/WARN] (Minecraft) Exception loading blockstate definition: 'dbe:blockstates/pc_setup.json' in resourcepack: 'Rabbitminer's Dave's Building Extended Refabricated' for variant: 'facing=west': Unknown blockstate property: 'facing'
[01:47:43] [Worker-Main-9/WARN] (Minecraft) Exception loading blockstate definition: 'dbe:blockstates/pc_setup.json' missing model for variant: 'dbe:pc_setup#'
[01:47:43] [Worker-Main-9/WARN] (Minecraft) Exception loading blockstate definition: 'dbe:blockstates/oneway_stone.json' in resourcepack: 'Rabbitminer's Dave's Building Extended Refabricated' for variant: 'facing=down': Unknown value: 'down' for blockstate property: 'facing' [north, south, west, east]
[01:47:43] [Worker-Main-9/WARN] (Minecraft) Exception loading blockstate definition: 'dbe:blockstates/oneway_stone.json' in resourcepack: 'Rabbitminer's Dave's Building Extended Refabricated' for variant: 'facing=up': Unknown value: 'up' for blockstate property: 'facing' [north, south, west, east]
[01:47:43] [Worker-Main-9/WARN] (Minecraft) Exception loading blockstate definition: 'dbe:blockstates/oneway_laboratory_block.json' in resourcepack: 'Rabbitminer's Dave's Building Extended Refabricated' for variant: 'facing=down': Unknown value: 'down' for blockstate property: 'facing' [north, south, west, east]
[01:47:43] [Worker-Main-9/WARN] (Minecraft) Exception loading blockstate definition: 'dbe:blockstates/oneway_laboratory_block.json' in resourcepack: 'Rabbitminer's Dave's Building Extended Refabricated' for variant: 'facing=up': Unknown value: 'up' for blockstate property: 'facing' [north, south, west, east]
[01:47:43] [Worker-Main-9/WARN] (Minecraft) Exception loading blockstate definition: 'dbe:blockstates/rubber_duck.json' in resourcepack: 'Rabbitminer's Dave's Building Extended Refabricated' for variant: 'facing=east': Unknown blockstate property: 'facing'
[01:47:43] [Worker-Main-9/WARN] (Minecraft) Exception loading blockstate definition: 'dbe:blockstates/rubber_duck.json' in resourcepack: 'Rabbitminer's Dave's Building Extended Refabricated' for variant: 'facing=south': Unknown blockstate property: 'facing'
[01:47:43] [Worker-Main-9/WARN] (Minecraft) Exception loading blockstate definition: 'dbe:blockstates/rubber_duck.json' in resourcepack: 'Rabbitminer's Dave's Building Extended Refabricated' for variant: 'facing=north': Unknown blockstate property: 'facing'
[01:47:43] [Worker-Main-9/WARN] (Minecraft) Exception loading blockstate definition: 'dbe:blockstates/rubber_duck.json' in resourcepack: 'Rabbitminer's Dave's Building Extended Refabricated' for variant: 'facing=west': Unknown blockstate property: 'facing'
[01:47:43] [Worker-Main-9/WARN] (Minecraft) Exception loading blockstate definition: 'dbe:blockstates/rubber_duck.json' missing model for variant: 'dbe:rubber_duck#'
[01:47:43] [Worker-Main-9/WARN] (Minecraft) Unable to load model: 'create:block/large_wheels' referenced from: dbe:create_boiler#axis=x: java.io.FileNotFoundException: create:models/block/large_wheels.json
[01:47:45] [Worker-Main-13/ERROR] (Minecraft) Using missing texture, unable to load dbe:textures/blocks/.png : java.io.FileNotFoundException: dbe:textures/blocks/.png
[01:47:46] [Render thread/INFO] (Minecraft) OpenAL initialized on device Tiger Lake-LP Smart Sound Technology Audio Controller HDMI / DisplayPort 1 Output
[01:47:46] [Render thread/INFO] (Minecraft) Sound engine started
[01:47:47] [Render thread/INFO] (Minecraft) Created: 1024x1024x4 minecraft:textures/atlas/blocks.png-atlas
[01:47:47] [Render thread/INFO] (Minecraft) Created: 256x128x4 minecraft:textures/atlas/signs.png-atlas
[01:47:47] [Render thread/INFO] (Minecraft) Created: 1024x512x4 minecraft:textures/atlas/banner_patterns.png-atlas
[01:47:47] [Render thread/INFO] (Minecraft) Created: 1024x512x4 minecraft:textures/atlas/shield_patterns.png-atlas
[01:47:47] [Render thread/INFO] (Minecraft) Created: 256x256x4 minecraft:textures/atlas/chest.png-atlas
[01:47:47] [Render thread/INFO] (Minecraft) Created: 512x256x4 minecraft:textures/atlas/beds.png-atlas
[01:47:47] [Render thread/INFO] (Minecraft) Created: 512x256x4 minecraft:textures/atlas/shulker_boxes.png-atlas
[01:47:50] [Render thread/INFO] (Minecraft) Created: 256x256x0 minecraft:textures/atlas/particles.png-atlas
[01:47:50] [Render thread/INFO] (Minecraft) Created: 256x256x0 minecraft:textures/atlas/paintings.png-atlas
[01:47:51] [Render thread/INFO] (Minecraft) Created: 256x128x0 minecraft:textures/atlas/mob_effects.png-atlas
[01:47:51] [Render thread/INFO] (dbe) This line is printed by an example mod mixin!
[01:48:14] [Render thread/WARN] (Minecraft) Ambiguity between arguments [teleport, location] and [teleport, destination] with inputs: [0.1 -0.5 .9, 0 0 0]
[01:48:14] [Render thread/WARN] (Minecraft) Ambiguity between arguments [teleport, location] and [teleport, targets] with inputs: [0.1 -0.5 .9, 0 0 0]
[01:48:14] [Render thread/WARN] (Minecraft) Ambiguity between arguments [teleport, destination] and [teleport, targets] with inputs: [Player, 0123, @e, dd12be42-52a9-4a91-a8a1-11c01849e498]
[01:48:14] [Render thread/WARN] (Minecraft) Ambiguity between arguments [teleport, targets] and [teleport, destination] with inputs: [Player, 0123, dd12be42-52a9-4a91-a8a1-11c01849e498]
[01:48:14] [Render thread/WARN] (Minecraft) Ambiguity between arguments [teleport, targets, location] and [teleport, targets, destination] with inputs: [0.1 -0.5 .9, 0 0 0]
[01:48:15] [Render thread/INFO] (Minecraft) Loaded 7 recipes
[01:48:16] [Render thread/INFO] (Minecraft) Loaded 1141 advancements
[01:48:20] [Render thread/INFO] (Minecraft) Environment: authHost='https://authserver.mojang.com', accountsHost='https://api.mojang.com', sessionHost='https://sessionserver.mojang.com', servicesHost='https://api.minecraftservices.com', name='PROD'
[01:48:20] [Render thread/INFO] (BiomeModificationImpl) Applied 0 biome modifications to 0 of 61 new biomes in 21.22 ms
[01:48:20] [Server thread/INFO] (Minecraft) Starting integrated minecraft server version 1.18.2
[01:48:20] [Server thread/INFO] (Minecraft) Generating keypair
[01:48:21] [Server thread/INFO] (Minecraft) Preparing start region for dimension minecraft:overworld
[01:48:24] [Render thread/INFO] (Minecraft) Preparing spawn area: 0%
[01:48:24] [Render thread/INFO] (Minecraft) Preparing spawn area: 0%
[01:48:24] [Render thread/INFO] (Minecraft) Preparing spawn area: 0%
[01:48:24] [Render thread/INFO] (Minecraft) Preparing spawn area: 0%
[01:48:24] [Render thread/INFO] (Minecraft) Preparing spawn area: 0%
[01:48:24] [Render thread/INFO] (Minecraft) Preparing spawn area: 0%
[01:48:24] [Render thread/INFO] (Minecraft) Preparing spawn area: 0%
[01:48:25] [Render thread/INFO] (Minecraft) Preparing spawn area: 0%
[01:48:25] [Render thread/INFO] (Minecraft) Preparing spawn area: 0%
[01:48:26] [Render thread/INFO] (Minecraft) Preparing spawn area: 0%
[01:48:26] [Render thread/INFO] (Minecraft) Preparing spawn area: 0%
[01:48:27] [Render thread/INFO] (Minecraft) Preparing spawn area: 0%
[01:48:27] [Render thread/INFO] (Minecraft) Preparing spawn area: 0%
[01:48:28] [Render thread/INFO] (Minecraft) Preparing spawn area: 0%
[01:48:28] [Render thread/INFO] (Minecraft) Preparing spawn area: 0%
[01:48:29] [Render thread/INFO] (Minecraft) Preparing spawn area: 0%
[01:48:29] [Render thread/INFO] (Minecraft) Preparing spawn area: 0%
[01:48:30] [Render thread/INFO] (Minecraft) Preparing spawn area: 10%
[01:48:30] [Render thread/INFO] (Minecraft) Preparing spawn area: 31%
[01:48:31] [Render thread/INFO] (Minecraft) Preparing spawn area: 90%
[01:48:31] [Render thread/INFO] (Minecraft) Time elapsed: 9735 ms
[01:48:31] [Server thread/INFO] (Minecraft) Changing view distance to 12, from 10
[01:48:31] [Server thread/INFO] (Minecraft) Changing simulation distance to 12, from 0
[01:48:32] [Server thread/INFO] (Minecraft) Player822[local:E:aed4d213] logged in with entity id 29 at (-4.823403884611026, -58.242239161044154, -44.93967942775751)
[01:48:32] [Server thread/INFO] (Minecraft) Player822 joined the game
[01:48:33] [Render thread/INFO] (Minecraft) Loaded 0 advancements
[01:49:04] [Server thread/INFO] (Minecraft) Saving and pausing game...
[01:49:04] [Server thread/INFO] (Minecraft) Saving chunks for level 'ServerLevel[New World]'/minecraft:overworld
[01:49:04] [Server thread/INFO] (Minecraft) Saving chunks for level 'ServerLevel[New World]'/minecraft:the_end
[01:49:04] [Server thread/INFO] (Minecraft) Saving chunks for level 'ServerLevel[New World]'/minecraft:the_nether
